INFO 2026-04-10 07:15:45,001 django.utils.autoreload C:\Users\MD Badhon Khan\Desktop\User-Items\iwantmore\iwm\models.py changed, reloading.
INFO 2026-04-10 07:15:56,847 django.utils.autoreload Watching for file changes with StatReloader
INFO 2026-04-10 07:18:23,046 django.utils.autoreload C:\Users\MD Badhon Khan\Desktop\User-Items\iwantmore\iwm\models.py changed, reloading.
INFO 2026-04-10 07:18:32,779 django.utils.autoreload Watching for file changes with StatReloader
INFO 2026-04-10 07:22:17,120 django.utils.autoreload Watching for file changes with StatReloader
INFO 2026-04-10 07:29:54,831 django.server "GET /shop/ HTTP/1.1" 200 28538
INFO 2026-04-10 07:29:55,392 django.server "GET /api/order-count/ HTTP/1.1" 200 12
INFO 2026-04-10 07:35:33,924 django.utils.autoreload Watching for file changes with StatReloader
INFO 2026-05-20 18:03:46,031 django.utils.autoreload Watching for file changes with StatReloader
INFO 2026-05-20 18:04:29,147 django.server "GET / HTTP/1.1" 302 0
INFO 2026-05-20 18:04:29,482 django.server "GET /home/ HTTP/1.1" 200 20549
INFO 2026-05-20 18:04:29,579 django.server "GET /static/css/home.css HTTP/1.1" 304 0
INFO 2026-05-20 18:04:29,598 django.server "GET /static/css/base.css HTTP/1.1" 304 0
INFO 2026-05-20 18:04:29,613 django.server "GET /static/css/fa/css/all.min.css HTTP/1.1" 304 0
INFO 2026-05-20 18:04:29,620 django.server "GET /static/css/item_cart.css HTTP/1.1" 304 0
INFO 2026-05-20 18:04:29,626 django.server "GET /static/imgs/iwm.png HTTP/1.1" 304 0
INFO 2026-05-20 18:04:29,673 django.server "GET /static/js/item_cart.js HTTP/1.1" 304 0
INFO 2026-05-20 18:04:29,679 django.server "GET /media/category_images/photo_2024-09-20_16-38-23.webp HTTP/1.1" 304 0
INFO 2026-05-20 18:04:29,680 django.server "GET /static/js/main.js HTTP/1.1" 304 0
INFO 2026-05-20 18:04:29,681 django.server "GET /static/js/home.js HTTP/1.1" 304 0
INFO 2026-05-20 18:04:29,681 django.server "GET /media/product_images/box.webp HTTP/1.1" 304 0
INFO 2026-05-20 18:04:29,704 django.server "GET /media/category_images/box.webp HTTP/1.1" 304 0
INFO 2026-05-20 18:04:29,705 django.server "GET /media/brands/Nova.png HTTP/1.1" 304 0
INFO 2026-05-20 18:04:29,729 django.server "GET /media/brands/Flux_Dev_Create_a_flat_vector_illustrativestyle_lettermark_log_2.jpg HTTP/1.1" 304 0
INFO 2026-05-20 18:04:29,732 django.server "GET /media/product_images/photo_2024-09-20_16-38-23.webp HTTP/1.1" 304 0
INFO 2026-05-20 18:04:29,736 django.server "GET /media/brands/Leonardo_Phoenix_10_Design_a_modern_logo_for_a_digital_chess_g_0.jpg HTTP/1.1" 304 0
INFO 2026-05-20 18:04:31,824 django.server "GET /static/css/fa/webfonts/fa-brands-400.woff2 HTTP/1.1" 304 0
INFO 2026-05-20 18:04:31,829 django.server "GET /static/css/fa/webfonts/fa-solid-900.woff2 HTTP/1.1" 304 0
INFO 2026-05-20 18:04:31,830 django.server "GET /static/css/fa/webfonts/fa-regular-400.woff2 HTTP/1.1" 304 0
INFO 2026-05-20 18:04:32,209 django.server "GET /static/imgs/logo.jpg HTTP/1.1" 304 0
INFO 2026-05-20 18:04:41,535 django.server "GET /shop/ HTTP/1.1" 200 28396
INFO 2026-05-20 18:04:41,629 django.server "GET /media/product_images/Leonardo_Phoenix_10_Design_a_modern_logo_for_a_digital_chess_g_0_4Fg8rGw.jpg HTTP/1.1" 304 0
INFO 2026-05-20 18:04:41,630 django.server "GET /static/css/shop.css HTTP/1.1" 304 0
INFO 2026-05-20 18:04:41,644 django.server "GET /static/js/shop.js HTTP/1.1" 304 0
INFO 2026-05-20 18:04:41,658 django.server "GET /media/product_images/5.png HTTP/1.1" 304 0
INFO 2026-05-20 18:05:01,434 django.server "GET /admin/ HTTP/1.1" 302 0
INFO 2026-05-20 18:05:01,784 django.server "GET /admin/login/?next=/admin/ HTTP/1.1" 200 11550
INFO 2026-05-20 18:05:01,852 django.server "GET /static/unfold/fonts/inter/styles.css HTTP/1.1" 304 0
INFO 2026-05-20 18:05:01,866 django.server "GET /static/unfold/fonts/material-symbols/styles.css HTTP/1.1" 304 0
INFO 2026-05-20 18:05:01,869 django.server "GET /static/unfold/css/simplebar/simplebar.css HTTP/1.1" 304 0
INFO 2026-05-20 18:05:01,871 django.server "GET /static/unfold/css/styles.css HTTP/1.1" 304 0
INFO 2026-05-20 18:05:01,874 django.server "GET /static/unfold/js/htmx/htmx.js HTTP/1.1" 304 0
INFO 2026-05-20 18:05:01,879 django.server "GET /static/unfold/js/chart/chart.js HTTP/1.1" 304 0
INFO 2026-05-20 18:05:01,880 django.server "GET /static/unfold/js/app.js HTTP/1.1" 304 0
INFO 2026-05-20 18:05:01,880 django.server "GET /static/unfold/js/simplebar/simplebar.js HTTP/1.1" 304 0
INFO 2026-05-20 18:05:01,904 django.server "GET /static/unfold/js/alpine/alpine.persist.js HTTP/1.1" 304 0
INFO 2026-05-20 18:05:01,905 django.server "GET /static/unfold/js/alpine/alpine.anchor.js HTTP/1.1" 304 0
INFO 2026-05-20 18:05:01,918 django.server "GET /static/unfold/js/alpine/alpine.sort.js HTTP/1.1" 304 0
INFO 2026-05-20 18:05:01,920 django.server "GET /static/unfold/js/alpine/alpine.js HTTP/1.1" 304 0
INFO 2026-05-20 18:05:01,920 django.server "GET /static/unfold/js/alpine/alpine.resize.js HTTP/1.1" 304 0
INFO 2026-05-20 18:05:02,005 django.server "GET /static/unfold/fonts/inter/Inter-Medium.woff2 HTTP/1.1" 304 0
INFO 2026-05-20 18:05:02,006 django.server "GET /static/unfold/fonts/inter/Inter-Regular.woff2 HTTP/1.1" 304 0
INFO 2026-05-20 18:05:02,006 django.server "GET /static/unfold/fonts/inter/Inter-SemiBold.woff2 HTTP/1.1" 304 0
INFO 2026-05-20 18:05:02,008 django.server "GET /static/unfold/fonts/material-symbols/Material-Symbols-Outlined.woff2 HTTP/1.1" 304 0
WARNING 2026-05-20 18:05:02,279 django.request Not Found: /favicon.ico
WARNING 2026-05-20 18:05:02,280 django.server "GET /favicon.ico HTTP/1.1" 404 12045
INFO 2026-05-20 18:05:15,762 django.server "POST /admin/login/?next=/admin/ HTTP/1.1" 302 0
INFO 2026-05-20 18:05:16,411 django.server "GET /admin/ HTTP/1.1" 200 59766
INFO 2026-05-20 18:05:16,613 django.server "GET /static/unfold/fonts/inter/Inter-Bold.woff2 HTTP/1.1" 304 0
INFO 2026-05-20 18:05:26,569 django.server "GET /admin/auth/group/ HTTP/1.1" 200 42609
INFO 2026-05-20 18:05:26,647 django.server "GET /static/admin/js/actions.js HTTP/1.1" 304 0
INFO 2026-05-20 18:05:26,658 django.server "GET /static/admin/js/admin/RelatedObjectLookups.js HTTP/1.1" 304 0
INFO 2026-05-20 18:05:26,707 django.server "GET /admin/jsi18n/ HTTP/1.1" 200 3342
INFO 2026-05-20 18:05:32,486 django.server "GET /admin/search/?s=n HTTP/1.1" 200 3776
INFO 2026-05-20 18:05:33,504 django.server "GET /admin/search/?s=new HTTP/1.1" 200 754
INFO 2026-05-20 18:05:37,344 django.server "GET /admin/iwm/newslettersubscriber/ HTTP/1.1" 200 74600
INFO 2026-05-20 18:05:37,424 django.server "GET /admin/jsi18n/ HTTP/1.1" 200 3342
INFO 2026-05-20 18:05:50,389 django.server "GET /admin/search/?s=%2F HTTP/1.1" 200 1
INFO 2026-05-20 18:05:51,780 django.server "GET /admin/search/?s=%2Ft HTTP/1.1" 200 1
INFO 2026-05-20 18:05:53,871 django.server "GET /admin/search/?s= HTTP/1.1" 200 0
INFO 2026-05-20 18:05:58,235 django.server "GET /admin/iwm/ HTTP/1.1" 200 52601
INFO 2026-05-20 18:06:00,256 django.server "GET /admin/ HTTP/1.1" 200 59766
INFO 2026-05-20 18:06:09,078 django.server "GET /admin/search/?s=t HTTP/1.1" 200 5272
INFO 2026-05-20 18:06:11,197 django.server "GET /admin/search/?s= HTTP/1.1" 200 0
INFO 2026-05-20 18:06:12,921 django.server "GET /admin/search/?s=%2F HTTP/1.1" 200 1
INFO 2026-05-20 18:06:14,133 django.server "GET /admin/search/?s=%2F HTTP/1.1" 200 1
INFO 2026-05-20 18:06:14,875 django.server "GET /admin/search/?s= HTTP/1.1" 200 0
INFO 2026-05-20 18:06:15,868 django.server "GET /admin/search/?s=%2Ft HTTP/1.1" 200 1
INFO 2026-05-20 18:06:17,529 django.server "GET /admin/search/?s= HTTP/1.1" 200 0
INFO 2026-05-20 18:07:40,918 django.server "GET /admin/ HTTP/1.1" 200 59766
INFO 2026-05-20 18:08:09,489 django.server "GET / HTTP/1.1" 302 0
INFO 2026-05-20 18:08:09,553 django.server "GET /home/ HTTP/1.1" 200 20691
INFO 2026-05-20 18:08:09,743 django.server "GET /api/order-count/ HTTP/1.1" 200 12
INFO 2026-05-20 18:08:12,869 django.server "GET /shop/ HTTP/1.1" 200 28538
INFO 2026-05-20 18:08:12,957 django.server "GET /api/order-count/ HTTP/1.1" 200 12
INFO 2026-05-20 18:08:19,597 django.server "GET /home/ HTTP/1.1" 200 20691
INFO 2026-05-20 18:08:19,694 django.server "GET /api/order-count/ HTTP/1.1" 200 12
INFO 2026-05-20 18:08:20,291 django.server "GET /home/ HTTP/1.1" 200 20691
INFO 2026-05-20 18:08:20,417 django.server "GET /api/order-count/ HTTP/1.1" 200 12
INFO 2026-05-20 18:08:24,330 django.server "GET /shop/ HTTP/1.1" 200 28538
INFO 2026-05-20 18:08:24,401 django.server "GET /api/order-count/ HTTP/1.1" 200 12
INFO 2026-05-20 18:08:27,420 django.server "GET /about/ HTTP/1.1" 200 17923
INFO 2026-05-20 18:08:27,485 django.server "GET /static/css/about.css HTTP/1.1" 304 0
INFO 2026-05-20 18:08:27,521 django.server "GET /api/order-count/ HTTP/1.1" 200 12
INFO 2026-05-20 18:08:29,201 django.server "GET /faq/ HTTP/1.1" 200 30298
INFO 2026-05-20 18:08:29,274 django.server "GET /static/css/faq.css HTTP/1.1" 304 0
INFO 2026-05-20 18:08:29,279 django.server "GET /static/imgs/faq-illustration.svg HTTP/1.1" 304 0
INFO 2026-05-20 18:08:29,363 django.server "GET /api/order-count/ HTTP/1.1" 200 12
INFO 2026-05-20 18:08:32,628 django.server "GET /contact/ HTTP/1.1" 200 12970
INFO 2026-05-20 18:08:32,688 django.server "GET /static/css/contact.css HTTP/1.1" 304 0
INFO 2026-05-20 18:08:32,795 django.server "GET /api/order-count/ HTTP/1.1" 200 12
INFO 2026-05-20 18:09:05,881 django.server "GET /profile/ HTTP/1.1" 200 10445
INFO 2026-05-20 18:09:05,963 django.server "GET /api/order-count/ HTTP/1.1" 200 12
INFO 2026-05-20 18:09:25,142 django.server "GET /cart/ HTTP/1.1" 200 14709
INFO 2026-05-20 18:09:25,194 django.server "GET /static/css/cart.css HTTP/1.1" 304 0
INFO 2026-05-20 18:09:25,223 django.server "GET /api/order-count/ HTTP/1.1" 200 12
INFO 2026-05-20 18:09:27,509 django.server "GET /my-orders/ HTTP/1.1" 200 29456
INFO 2026-05-20 18:09:27,568 django.server "GET /static/css/my_orders.css HTTP/1.1" 304 0
INFO 2026-05-20 18:09:27,598 django.server "GET /api/order-count/ HTTP/1.1" 200 12
INFO 2026-05-20 18:10:01,056 django.server "GET /shop/ HTTP/1.1" 200 28538
INFO 2026-05-20 18:10:02,006 django.server "GET /api/order-count/ HTTP/1.1" 200 12
INFO 2026-05-20 18:10:05,462 django.server "GET /home/ HTTP/1.1" 200 20691
INFO 2026-05-20 18:10:05,706 django.server "GET /api/order-count/ HTTP/1.1" 200 12
INFO 2026-05-20 18:10:11,345 django.server "GET /shop/ HTTP/1.1" 200 28538
INFO 2026-05-20 18:10:11,512 django.server "GET /api/order-count/ HTTP/1.1" 200 12
INFO 2026-05-20 18:10:55,819 django.server "GET /search/?category=items HTTP/1.1" 200 26121
INFO 2026-05-20 18:10:58,199 django.server "GET /search/?category=box HTTP/1.1" 200 19587
INFO 2026-05-20 18:11:00,694 django.server "GET /search/?category=boxs HTTP/1.1" 200 26121
INFO 2026-05-20 18:11:06,642 django.server "GET /search/? HTTP/1.1" 200 28538
INFO 2026-05-20 18:11:09,087 django.server "GET /search/ HTTP/1.1" 200 28538
INFO 2026-05-20 18:11:09,351 django.server "GET /api/order-count/ HTTP/1.1" 200 12
INFO 2026-05-20 18:11:25,694 django.server "GET /search/?color=red HTTP/1.1" 200 21729
INFO 2026-05-20 18:11:27,446 django.server "GET /search/?color=green HTTP/1.1" 200 19587
INFO 2026-05-20 18:11:28,627 django.server "GET /search/?color=brown HTTP/1.1" 200 21587
INFO 2026-05-20 18:11:29,969 django.server "GET /search/?color=blue HTTP/1.1" 200 23846
WARNING 2026-05-20 18:11:35,026 django.request Not Found: /.well-known/appspecific/com.chrome.devtools.json
WARNING 2026-05-20 18:11:35,028 django.server "GET /.well-known/appspecific/com.chrome.devtools.json HTTP/1.1" 404 12156
INFO 2026-05-20 18:13:34,268 django.server "GET /search/?color=blue HTTP/1.1" 200 23846
INFO 2026-05-20 18:13:34,495 django.server "GET /api/order-count/ HTTP/1.1" 200 12
INFO 2026-05-20 18:13:37,620 django.server "GET /search/?color=green HTTP/1.1" 200 19587
INFO 2026-05-20 18:13:38,790 django.server "GET /search/?color=brown HTTP/1.1" 200 21587
INFO 2026-05-20 18:13:41,864 django.server "GET /search/?color=brown HTTP/1.1" 200 21587
INFO 2026-05-20 18:13:42,011 django.server "GET /static/css/base.css HTTP/1.1" 200 22107
INFO 2026-05-20 18:13:42,029 django.server "GET /static/imgs/iwm.png HTTP/1.1" 200 11469
INFO 2026-05-20 18:13:42,030 django.server "GET /static/css/item_cart.css HTTP/1.1" 200 9827
INFO 2026-05-20 18:13:42,040 django.server "GET /static/js/main.js HTTP/1.1" 200 13281
INFO 2026-05-20 18:13:42,048 django.server "GET /static/css/fa/css/all.min.css HTTP/1.1" 200 73621
INFO 2026-05-20 18:13:42,055 django.server "GET /static/js/item_cart.js HTTP/1.1" 200 13961
INFO 2026-05-20 18:13:42,059 django.server "GET /static/js/shop.js HTTP/1.1" 200 21522
INFO 2026-05-20 18:13:42,066 django.server "GET /static/css/shop.css HTTP/1.1" 200 23500
INFO 2026-05-20 18:13:42,126 django.server "GET /static/css/fa/webfonts/fa-brands-400.woff2 HTTP/1.1" 200 118684
INFO 2026-05-20 18:13:42,129 django.server "GET /static/css/fa/webfonts/fa-regular-400.woff2 HTTP/1.1" 200 25472
INFO 2026-05-20 18:13:42,141 django.server "GET /static/css/fa/webfonts/fa-solid-900.woff2 HTTP/1.1" 200 158220
INFO 2026-05-20 18:13:42,180 django.server "GET /api/order-count/ HTTP/1.1" 200 12
INFO 2026-05-20 18:13:42,194 django.server "GET /media/product_images/5.png HTTP/1.1" 200 2393304
INFO 2026-05-20 18:13:42,438 django.server "GET /static/imgs/logo.jpg HTTP/1.1" 200 8326
INFO 2026-05-20 18:13:42,503 django.server "GET /search/?color=brown HTTP/1.1" 200 21587
INFO 2026-05-20 18:13:42,592 django.server "GET /static/imgs/iwm.png HTTP/1.1" 200 11469
INFO 2026-05-20 18:13:42,594 django.server "GET /static/css/shop.css HTTP/1.1" 200 23500
INFO 2026-05-20 18:13:42,595 django.server "GET /static/css/base.css HTTP/1.1" 200 22107
INFO 2026-05-20 18:13:42,596 django.server "GET /static/css/fa/css/all.min.css HTTP/1.1" 200 73621
INFO 2026-05-20 18:13:42,597 django.server "GET /static/css/item_cart.css HTTP/1.1" 200 9827
INFO 2026-05-20 18:13:42,611 django.server "GET /static/js/main.js HTTP/1.1" 200 13281
INFO 2026-05-20 18:13:42,616 django.server "GET /static/js/item_cart.js HTTP/1.1" 200 13961
INFO 2026-05-20 18:13:42,624 django.server "GET /static/js/shop.js HTTP/1.1" 200 21522
INFO 2026-05-20 18:13:42,659 django.server "GET /static/css/fa/webfonts/fa-regular-400.woff2 HTTP/1.1" 200 25472
INFO 2026-05-20 18:13:42,667 django.server "GET /static/css/fa/webfonts/fa-brands-400.woff2 HTTP/1.1" 200 118684
INFO 2026-05-20 18:13:42,684 django.server "GET /static/css/fa/webfonts/fa-solid-900.woff2 HTTP/1.1" 200 158220
INFO 2026-05-20 18:13:42,730 django.server "GET /api/order-count/ HTTP/1.1" 200 12
INFO 2026-05-20 18:13:42,766 django.server "GET /media/product_images/5.png HTTP/1.1" 200 2393304
INFO 2026-05-20 18:13:43,209 django.server "GET /search/?color=brown HTTP/1.1" 200 21587
INFO 2026-05-20 18:13:43,354 django.server "GET /search/?color=brown HTTP/1.1" 200 21587
INFO 2026-05-20 18:13:43,487 django.server "GET /static/css/base.css HTTP/1.1" 200 22107
INFO 2026-05-20 18:13:43,495 django.server "GET /static/imgs/iwm.png HTTP/1.1" 200 11469
INFO 2026-05-20 18:13:43,499 django.server "GET /static/css/item_cart.css HTTP/1.1" 200 9827
INFO 2026-05-20 18:13:43,501 django.server "GET /static/css/shop.css HTTP/1.1" 200 23500
INFO 2026-05-20 18:13:43,504 django.server "GET /static/css/fa/css/all.min.css HTTP/1.1" 200 73621
INFO 2026-05-20 18:13:43,505 django.server "GET /static/js/main.js HTTP/1.1" 200 13281
INFO 2026-05-20 18:13:43,521 django.server "GET /static/js/item_cart.js HTTP/1.1" 200 13961
INFO 2026-05-20 18:13:43,527 django.server "GET /static/js/shop.js HTTP/1.1" 200 21522
INFO 2026-05-20 18:13:43,567 django.server "GET /static/css/fa/webfonts/fa-regular-400.woff2 HTTP/1.1" 200 25472
INFO 2026-05-20 18:13:43,607 django.server "GET /static/css/fa/webfonts/fa-solid-900.woff2 HTTP/1.1" 200 158220
INFO 2026-05-20 18:13:43,610 django.server "GET /static/css/fa/webfonts/fa-brands-400.woff2 HTTP/1.1" 200 118684
INFO 2026-05-20 18:13:43,657 django.server "GET /api/order-count/ HTTP/1.1" 200 12
INFO 2026-05-20 18:13:43,685 django.server "GET /search/?color=brown HTTP/1.1" 200 21587
INFO 2026-05-20 18:13:43,701 django.server - Broken pipe from ('127.0.0.1', 56952)
INFO 2026-05-20 18:13:43,771 django.server "GET /static/css/item_cart.css HTTP/1.1" 200 9827
INFO 2026-05-20 18:13:43,773 django.server "GET /static/css/shop.css HTTP/1.1" 200 23500
INFO 2026-05-20 18:13:43,777 django.server "GET /static/css/base.css HTTP/1.1" 200 22107
INFO 2026-05-20 18:13:43,777 django.server "GET /static/imgs/iwm.png HTTP/1.1" 200 11469
INFO 2026-05-20 18:13:43,781 django.server "GET /static/js/main.js HTTP/1.1" 200 13281
INFO 2026-05-20 18:13:43,785 django.server "GET /static/css/fa/css/all.min.css HTTP/1.1" 200 73621
INFO 2026-05-20 18:13:43,800 django.server "GET /static/js/item_cart.js HTTP/1.1" 200 13961
INFO 2026-05-20 18:13:43,807 django.server "GET /static/js/shop.js HTTP/1.1" 200 21522
INFO 2026-05-20 18:13:43,842 django.server "GET /static/css/fa/webfonts/fa-regular-400.woff2 HTTP/1.1" 200 25472
INFO 2026-05-20 18:13:43,844 django.server "GET /static/css/fa/webfonts/fa-brands-400.woff2 HTTP/1.1" 200 118684
INFO 2026-05-20 18:13:43,848 django.server "GET /static/css/fa/webfonts/fa-solid-900.woff2 HTTP/1.1" 200 158220
INFO 2026-05-20 18:13:43,914 django.server "GET /api/order-count/ HTTP/1.1" 200 12
INFO 2026-05-20 18:13:43,946 django.server "GET /media/product_images/5.png HTTP/1.1" 200 2393304
INFO 2026-05-20 18:13:44,210 django.server "GET /static/imgs/logo.jpg HTTP/1.1" 200 8326
INFO 2026-05-20 18:14:04,939 django.server "GET /search/?color=brown&stock=in-stock HTTP/1.1" 200 21587
INFO 2026-05-20 18:14:09,117 django.server "GET /search/ HTTP/1.1" 200 28538
INFO 2026-05-20 18:14:09,201 django.server "GET /static/css/shop.css HTTP/1.1" 304 0
INFO 2026-05-20 18:14:09,289 django.server "GET /api/order-count/ HTTP/1.1" 200 12
INFO 2026-05-20 18:14:36,842 django.server "GET /static/css/shop.css HTTP/1.1" 304 0
WARNING 2026-05-20 18:14:36,867 django.request Not Found: /.well-known/appspecific/com.chrome.devtools.json
WARNING 2026-05-20 18:14:36,870 django.server "GET /.well-known/appspecific/com.chrome.devtools.json HTTP/1.1" 404 12156
INFO 2026-05-20 18:15:58,171 django.server "GET /search/ HTTP/1.1" 200 28538
WARNING 2026-05-20 18:15:58,294 django.request Not Found: /.well-known/appspecific/com.chrome.devtools.json
INFO 2026-05-20 18:15:58,296 django.server "GET /static/css/shop.css HTTP/1.1" 304 0
WARNING 2026-05-20 18:15:58,297 django.server "GET /.well-known/appspecific/com.chrome.devtools.json HTTP/1.1" 404 12156
INFO 2026-05-20 18:15:58,496 django.server "GET /api/order-count/ HTTP/1.1" 200 12
INFO 2026-05-20 18:16:15,501 django.server "GET /search/ HTTP/1.1" 200 28538
WARNING 2026-05-20 18:16:15,714 django.request Not Found: /.well-known/appspecific/com.chrome.devtools.json
WARNING 2026-05-20 18:16:15,716 django.server "GET /.well-known/appspecific/com.chrome.devtools.json HTTP/1.1" 404 12156
INFO 2026-05-20 18:16:15,717 django.server "GET /static/css/shop.css HTTP/1.1" 304 0
INFO 2026-05-20 18:16:15,943 django.server "GET /api/order-count/ HTTP/1.1" 200 12
INFO 2026-05-20 18:16:16,717 django.server "GET /search/ HTTP/1.1" 200 28538
WARNING 2026-05-20 18:16:17,178 django.request Not Found: /.well-known/appspecific/com.chrome.devtools.json
WARNING 2026-05-20 18:16:17,189 django.server "GET /.well-known/appspecific/com.chrome.devtools.json HTTP/1.1" 404 12156
INFO 2026-05-20 18:16:17,207 django.server "GET /static/css/shop.css HTTP/1.1" 200 23500
INFO 2026-05-20 18:16:17,213 django.server "GET /static/imgs/iwm.png HTTP/1.1" 200 11469
INFO 2026-05-20 18:16:17,221 django.server "GET /static/css/fa/css/all.min.css HTTP/1.1" 200 73621
INFO 2026-05-20 18:16:17,246 django.server "GET /static/css/item_cart.css HTTP/1.1" 200 9827
INFO 2026-05-20 18:16:17,254 django.server "GET /static/css/base.css HTTP/1.1" 200 22113
INFO 2026-05-20 18:16:17,282 django.server "GET /media/product_images/Leonardo_Phoenix_10_Design_a_modern_logo_for_a_digital_chess_g_0_4Fg8rGw.jpg HTTP/1.1" 200 295574
INFO 2026-05-20 18:16:17,332 django.server "GET /static/js/main.js HTTP/1.1" 200 13281
INFO 2026-05-20 18:16:17,332 django.server "GET /static/js/item_cart.js HTTP/1.1" 200 13961
INFO 2026-05-20 18:16:17,340 django.server "GET /static/js/shop.js HTTP/1.1" 200 21522
INFO 2026-05-20 18:16:17,341 django.server "GET /media/product_images/photo_2024-09-20_16-38-23.webp HTTP/1.1" 200 34570
INFO 2026-05-20 18:16:17,354 django.server "GET /media/product_images/box.webp HTTP/1.1" 200 111156
INFO 2026-05-20 18:16:17,374 django.server "GET /static/css/fa/webfonts/fa-regular-400.woff2 HTTP/1.1" 200 25472
INFO 2026-05-20 18:16:17,382 django.server "GET /static/css/fa/webfonts/fa-solid-900.woff2 HTTP/1.1" 200 158220
INFO 2026-05-20 18:16:17,393 django.server "GET /static/css/fa/webfonts/fa-brands-400.woff2 HTTP/1.1" 200 118684
INFO 2026-05-20 18:16:17,420 django.server "GET /media/product_images/5.png HTTP/1.1" 200 2393304
INFO 2026-05-20 18:16:17,534 django.server "GET /api/order-count/ HTTP/1.1" 200 12
INFO 2026-05-20 18:16:19,068 django.server "GET /static/imgs/logo.jpg HTTP/1.1" 200 8326
INFO 2026-05-20 18:17:35,017 django.server "GET /search/ HTTP/1.1" 200 28538
INFO 2026-05-20 18:17:35,100 django.server "GET /static/css/shop.css HTTP/1.1" 304 0
INFO 2026-05-20 18:17:35,116 django.server "GET /static/css/base.css HTTP/1.1" 200 22085
INFO 2026-05-20 18:17:35,171 django.server "GET /api/order-count/ HTTP/1.1" 200 12
INFO 2026-05-20 18:17:43,903 django.server "GET /autocomplete/?q=jdkjvhdifvdkvudvvzldjfvdfvhudhfv HTTP/1.1" 200 2
INFO 2026-05-20 18:18:06,789 django.server "GET /static/css/base.css HTTP/1.1" 304 0
INFO 2026-05-20 18:18:06,799 django.server "GET /static/css/shop.css HTTP/1.1" 304 0
WARNING 2026-05-20 18:18:06,853 django.request Not Found: /.well-known/appspecific/com.chrome.devtools.json
WARNING 2026-05-20 18:18:06,855 django.server "GET /.well-known/appspecific/com.chrome.devtools.json HTTP/1.1" 404 12156
INFO 2026-05-20 18:18:46,999 django.server "GET /search/ HTTP/1.1" 200 28538
INFO 2026-05-20 18:18:47,158 django.server "GET /static/css/base.css HTTP/1.1" 304 0
INFO 2026-05-20 18:18:47,159 django.server "GET /static/css/shop.css HTTP/1.1" 304 0
INFO 2026-05-20 18:18:47,345 django.server "GET /api/order-count/ HTTP/1.1" 200 12
INFO 2026-05-20 18:18:52,520 django.server "GET /autocomplete/?q=hjkghkh HTTP/1.1" 200 2
INFO 2026-05-20 18:18:59,395 django.server "GET /autocomplete/?q=ba HTTP/1.1" 200 127
INFO 2026-05-20 18:19:06,428 django.server "GET /autocomplete/?q=ux HTTP/1.1" 200 2
INFO 2026-05-20 18:19:13,530 django.server "GET /autocomplete/?q=pe HTTP/1.1" 200 2
INFO 2026-05-20 18:19:13,873 django.server "GET /autocomplete/?q=per HTTP/1.1" 200 2
INFO 2026-05-20 18:19:15,280 django.server "GET /autocomplete/?q=per%5C%5C%5C%5C HTTP/1.1" 200 2
INFO 2026-05-20 18:19:27,497 django.server "GET /autocomplete/?q=ne HTTP/1.1" 200 123
INFO 2026-05-20 18:20:00,577 django.server "GET /home/ HTTP/1.1" 200 20691
INFO 2026-05-20 18:20:00,730 django.server "GET /static/css/base.css HTTP/1.1" 304 0
INFO 2026-05-20 18:20:00,901 django.server "GET /api/order-count/ HTTP/1.1" 200 12
INFO 2026-05-20 18:20:16,878 django.server "GET /my-orders/ HTTP/1.1" 200 29456
INFO 2026-05-20 18:20:17,002 django.server "GET /static/css/base.css HTTP/1.1" 304 0
INFO 2026-05-20 18:20:17,123 django.server "GET /api/order-count/ HTTP/1.1" 200 12
INFO 2026-05-20 18:20:29,115 django.server "GET /faq/ HTTP/1.1" 200 30298
INFO 2026-05-20 18:20:29,332 django.server "GET /api/order-count/ HTTP/1.1" 200 12
INFO 2026-05-20 18:20:35,986 django.server "GET /contact/ HTTP/1.1" 200 12970
INFO 2026-05-20 18:20:36,101 django.server "GET /static/css/base.css HTTP/1.1" 304 0
INFO 2026-05-20 18:20:36,202 django.server "GET /api/order-count/ HTTP/1.1" 200 12
INFO 2026-05-20 18:20:38,707 django.server "GET /faq/ HTTP/1.1" 200 30298
INFO 2026-05-20 18:20:38,922 django.server "GET /api/order-count/ HTTP/1.1" 200 12
INFO 2026-05-20 18:21:33,548 django.server "GET /profile/ HTTP/1.1" 200 10445
INFO 2026-05-20 18:21:33,632 django.server "GET /static/css/base.css HTTP/1.1" 304 0
INFO 2026-05-20 18:21:33,703 django.server "GET /api/order-count/ HTTP/1.1" 200 12
INFO 2026-05-20 18:21:43,936 django.server "GET /shop/ HTTP/1.1" 200 28538
INFO 2026-05-20 18:21:44,082 django.server "GET /static/css/shop.css HTTP/1.1" 304 0
INFO 2026-05-20 18:21:44,207 django.server "GET /api/order-count/ HTTP/1.1" 200 12
INFO 2026-05-20 18:21:45,684 django.server "GET /home/ HTTP/1.1" 200 20691
INFO 2026-05-20 18:21:45,901 django.server "GET /api/order-count/ HTTP/1.1" 200 12
INFO 2026-05-20 18:21:49,911 django.server "GET /shop/ HTTP/1.1" 200 28538
INFO 2026-05-20 18:21:50,073 django.server "GET /api/order-count/ HTTP/1.1" 200 12
INFO 2026-05-20 18:21:52,189 django.server "GET /shop/ HTTP/1.1" 200 28538
INFO 2026-05-20 18:21:52,377 django.server "GET /api/order-count/ HTTP/1.1" 200 12
INFO 2026-05-20 18:21:53,656 django.server "GET /about/ HTTP/1.1" 200 17923
INFO 2026-05-20 18:21:53,877 django.server "GET /api/order-count/ HTTP/1.1" 200 12
INFO 2026-05-20 18:21:56,956 django.server "GET /services/ HTTP/1.1" 200 21074
INFO 2026-05-20 18:21:57,080 django.server "GET /static/css/services.css HTTP/1.1" 304 0
INFO 2026-05-20 18:21:57,259 django.server "GET /api/order-count/ HTTP/1.1" 200 12
INFO 2026-05-20 18:21:59,107 django.server "GET /contact/ HTTP/1.1" 200 12970
INFO 2026-05-20 18:21:59,226 django.server "GET /static/css/base.css HTTP/1.1" 304 0
INFO 2026-05-20 18:21:59,259 django.server "GET /api/order-count/ HTTP/1.1" 200 12
INFO 2026-05-20 18:22:00,631 django.server "GET /home/ HTTP/1.1" 200 20691
INFO 2026-05-20 18:22:00,783 django.server "GET /api/order-count/ HTTP/1.1" 200 12
INFO 2026-05-20 18:22:01,941 django.server "GET /shop/ HTTP/1.1" 200 28538
INFO 2026-05-20 18:22:02,156 django.server "GET /api/order-count/ HTTP/1.1" 200 12
INFO 2026-05-20 18:22:08,138 django.server "GET /home/ HTTP/1.1" 200 20691
INFO 2026-05-20 18:22:08,266 django.server "GET /api/order-count/ HTTP/1.1" 200 12
INFO 2026-05-20 18:23:30,699 django.server "GET /faq/ HTTP/1.1" 200 30298
INFO 2026-05-20 18:23:30,877 django.server "GET /static/css/base.css HTTP/1.1" 304 0
INFO 2026-05-20 18:23:30,955 django.server "GET /api/order-count/ HTTP/1.1" 200 12
INFO 2026-05-20 18:23:43,565 django.server "GET /profile/ HTTP/1.1" 200 10445
INFO 2026-05-20 18:23:43,756 django.server "GET /api/order-count/ HTTP/1.1" 200 12
INFO 2026-05-20 18:23:46,964 django.server "GET /shop/ HTTP/1.1" 200 28538
INFO 2026-05-20 18:23:47,068 django.server "GET /static/css/shop.css HTTP/1.1" 304 0
INFO 2026-05-20 18:23:47,181 django.server "GET /api/order-count/ HTTP/1.1" 200 12
INFO 2026-05-20 18:23:47,878 django.server "GET /home/ HTTP/1.1" 200 20691
INFO 2026-05-20 18:23:48,029 django.server "GET /api/order-count/ HTTP/1.1" 200 12
INFO 2026-05-20 18:23:50,365 django.server "GET /shop/ HTTP/1.1" 200 28538
INFO 2026-05-20 18:23:50,534 django.server "GET /api/order-count/ HTTP/1.1" 200 12
INFO 2026-05-20 18:24:05,620 django.server "GET /contact/ HTTP/1.1" 200 12970
INFO 2026-05-20 18:24:05,805 django.server "GET /api/order-count/ HTTP/1.1" 200 12
INFO 2026-05-20 20:27:57,756 django.utils.autoreload Watching for file changes with StatReloader
INFO 2026-05-20 20:29:21,843 django.server "GET / HTTP/1.1" 302 0
INFO 2026-05-20 20:29:22,116 django.server "GET /home/ HTTP/1.1" 200 20691
INFO 2026-05-20 20:29:22,214 django.server "GET /static/css/base.css HTTP/1.1" 304 0
INFO 2026-05-20 20:29:23,028 django.server "GET /api/order-count/ HTTP/1.1" 200 12
INFO 2026-05-20 20:29:30,122 django.server "GET /shop/ HTTP/1.1" 200 28538
INFO 2026-05-20 20:29:30,192 django.server "GET /static/css/shop.css HTTP/1.1" 304 0
INFO 2026-05-20 20:29:30,316 django.server "GET /api/order-count/ HTTP/1.1" 200 12
INFO 2026-05-20 20:29:35,432 django.server "GET /services/ HTTP/1.1" 200 21074
INFO 2026-05-20 20:29:35,551 django.server "GET /api/order-count/ HTTP/1.1" 200 12
INFO 2026-05-20 20:29:40,807 django.server "GET /contact/ HTTP/1.1" 200 12970
INFO 2026-05-20 20:29:40,940 django.server "GET /api/order-count/ HTTP/1.1" 200 12
INFO 2026-05-20 20:29:42,450 django.server "GET /faq/ HTTP/1.1" 200 30298
INFO 2026-05-20 20:29:42,556 django.server "GET /api/order-count/ HTTP/1.1" 200 12
INFO 2026-05-20 20:29:47,556 django.server "GET /home/ HTTP/1.1" 200 20691
INFO 2026-05-20 20:29:47,674 django.server "GET /api/order-count/ HTTP/1.1" 200 12
INFO 2026-05-20 20:29:53,388 django.server "GET /autocomplete/?q=nbs%2Cdjslsdjvhlsdhvdfvb HTTP/1.1" 200 2
WARNING 2026-05-20 20:29:58,433 django.request Not Found: /.well-known/appspecific/com.chrome.devtools.json
WARNING 2026-05-20 20:29:58,436 django.server "GET /.well-known/appspecific/com.chrome.devtools.json HTTP/1.1" 404 12156
INFO 2026-05-20 20:31:45,795 django.utils.autoreload C:\Users\MD Badhon Khan\Desktop\User-Items\iwantmore\iwm\admin.py changed, reloading.
INFO 2026-05-20 20:31:54,290 django.utils.autoreload Watching for file changes with StatReloader
INFO 2026-05-20 20:44:46,192 django.server "GET /home/ HTTP/1.1" 200 20691
INFO 2026-05-20 20:44:46,401 django.server "GET /static/css/base.css HTTP/1.1" 200 22083
INFO 2026-05-20 20:44:46,657 django.server "GET /api/order-count/ HTTP/1.1" 200 12
INFO 2026-05-20 20:44:53,783 django.utils.autoreload C:\Users\MD Badhon Khan\Desktop\User-Items\iwantmore\iwm\models.py changed, reloading.
INFO 2026-05-20 20:45:06,829 django.utils.autoreload Watching for file changes with StatReloader
INFO 2026-05-20 20:45:41,988 django.server "GET /home/ HTTP/1.1" 200 20691
INFO 2026-05-20 20:45:42,086 django.server "GET /static/css/base.css HTTP/1.1" 200 22082
INFO 2026-05-20 20:45:42,635 django.server "GET /api/order-count/ HTTP/1.1" 200 12
INFO 2026-05-20 20:46:12,516 django.utils.autoreload C:\Users\MD Badhon Khan\Desktop\User-Items\iwantmore\iwm\models.py changed, reloading.
INFO 2026-05-20 20:46:28,524 django.utils.autoreload Watching for file changes with StatReloader
INFO 2026-05-20 20:50:34,319 django.server "GET /shop/ HTTP/1.1" 200 28538
INFO 2026-05-20 20:50:34,403 django.server "GET /static/css/base.css HTTP/1.1" 304 0
INFO 2026-05-20 20:50:34,408 django.server "GET /static/css/shop.css HTTP/1.1" 304 0
INFO 2026-05-20 20:50:34,936 django.server "GET /api/order-count/ HTTP/1.1" 200 12
INFO 2026-05-20 21:20:08,932 django.utils.autoreload Watching for file changes with StatReloader
INFO 2026-05-20 21:22:05,589 django.server "GET / HTTP/1.1" 302 0
INFO 2026-05-20 21:22:05,825 django.server "GET /home/ HTTP/1.1" 200 20691
INFO 2026-05-20 21:22:05,946 django.server "GET /static/css/base.css HTTP/1.1" 304 0
INFO 2026-05-20 21:22:06,567 django.server "GET /api/order-count/ HTTP/1.1" 200 12
INFO 2026-05-20 21:25:39,350 django.server "POST /subscribe-newsletter/ HTTP/1.1" 302 0
INFO 2026-05-20 21:25:39,413 django.server "GET /home/ HTTP/1.1" 200 21006
INFO 2026-05-20 21:25:39,766 django.server "GET /api/order-count/ HTTP/1.1" 200 12
INFO 2026-05-20 21:25:46,552 django.server "GET /shop/ HTTP/1.1" 200 28538
INFO 2026-05-20 21:25:46,689 django.server "GET /static/css/base.css HTTP/1.1" 304 0
INFO 2026-05-20 21:25:46,695 django.server "GET /static/css/shop.css HTTP/1.1" 304 0
INFO 2026-05-20 21:25:46,950 django.server "GET /api/order-count/ HTTP/1.1" 200 12
INFO 2026-05-20 21:25:49,099 django.server "GET /home/ HTTP/1.1" 200 20691
INFO 2026-05-20 21:25:49,231 django.server "GET /api/order-count/ HTTP/1.1" 200 12
INFO 2026-05-20 21:26:17,799 django.server "GET /shop/ HTTP/1.1" 200 28538
INFO 2026-05-20 21:26:17,901 django.server "GET /api/order-count/ HTTP/1.1" 200 12
INFO 2026-05-20 21:26:22,313 django.server "GET /services/ HTTP/1.1" 200 21074
INFO 2026-05-20 21:26:22,610 django.server "GET /api/order-count/ HTTP/1.1" 200 12
INFO 2026-05-20 21:26:24,692 django.server "GET /contact/ HTTP/1.1" 200 12970
INFO 2026-05-20 21:26:24,884 django.server "GET /api/order-count/ HTTP/1.1" 200 12
INFO 2026-05-20 21:26:28,140 django.server "GET /faq/ HTTP/1.1" 200 30298
INFO 2026-05-20 21:26:28,258 django.server "GET /api/order-count/ HTTP/1.1" 200 12
INFO 2026-05-20 21:26:43,993 django.server "GET /admin/ HTTP/1.1" 200 59766
INFO 2026-05-20 21:27:14,004 django.server "POST /admin/logout/ HTTP/1.1" 302 0
INFO 2026-05-20 21:27:14,025 django.server "GET / HTTP/1.1" 302 0
INFO 2026-05-20 21:27:14,123 django.server "GET /home/ HTTP/1.1" 200 20549
INFO 2026-05-20 21:27:18,624 django.server "GET /login/ HTTP/1.1" 200 2987
INFO 2026-05-20 21:27:18,697 django.server "GET /static/css/auth.css HTTP/1.1" 200 9608
INFO 2026-05-20 21:27:18,713 django.server "GET /static/imgs/google.svg HTTP/1.1" 200 1030
INFO 2026-05-20 21:27:18,715 django.server "GET /static/imgs/facebook-color.svg HTTP/1.1" 200 780
INFO 2026-05-20 21:27:18,725 django.server "GET /static/js/auth.js HTTP/1.1" 200 8640
INFO 2026-05-20 21:27:54,939 django.server "GET / HTTP/1.1" 302 0
INFO 2026-05-20 21:27:55,098 django.server "GET /home/ HTTP/1.1" 200 20549
INFO 2026-05-20 21:27:55,149 django.server "GET /static/css/home.css HTTP/1.1" 200 16655
INFO 2026-05-20 21:27:55,163 django.server "GET /static/css/base.css HTTP/1.1" 200 22082
INFO 2026-05-20 21:27:55,163 django.server "GET /static/css/item_cart.css HTTP/1.1" 200 9827
INFO 2026-05-20 21:27:55,181 django.server "GET /static/imgs/iwm.png HTTP/1.1" 200 11469
INFO 2026-05-20 21:27:55,183 django.server "GET /static/css/fa/css/all.min.css HTTP/1.1" 200 73621
INFO 2026-05-20 21:27:55,199 django.server "GET /static/js/main.js HTTP/1.1" 200 13281
INFO 2026-05-20 21:27:55,207 django.server "GET /static/js/home.js HTTP/1.1" 200 4253
INFO 2026-05-20 21:27:55,219 django.server "GET /media/category_images/photo_2024-09-20_16-38-23.webp HTTP/1.1" 200 34570
INFO 2026-05-20 21:27:55,225 django.server "GET /static/js/item_cart.js HTTP/1.1" 200 13961
INFO 2026-05-20 21:27:55,250 django.server "GET /media/product_images/photo_2024-09-20_16-38-23.webp HTTP/1.1" 200 34570
INFO 2026-05-20 21:27:55,259 django.server "GET /media/product_images/box.webp HTTP/1.1" 200 111156
INFO 2026-05-20 21:27:55,260 django.server "GET /media/category_images/box.webp HTTP/1.1" 200 111156
INFO 2026-05-20 21:27:55,264 django.server "GET /media/brands/Flux_Dev_Create_a_flat_vector_illustrativestyle_lettermark_log_2.jpg HTTP/1.1" 200 185241
INFO 2026-05-20 21:27:55,279 django.server "GET /media/brands/Leonardo_Phoenix_10_Design_a_modern_logo_for_a_digital_chess_g_0.jpg HTTP/1.1" 200 295574
INFO 2026-05-20 21:27:55,304 django.server "GET /media/brands/Nova.png HTTP/1.1" 200 1180806
INFO 2026-05-20 21:27:55,468 django.server "GET /static/css/fa/webfonts/fa-regular-400.woff2 HTTP/1.1" 200 25472
INFO 2026-05-20 21:27:55,479 django.server "GET /static/css/fa/webfonts/fa-brands-400.woff2 HTTP/1.1" 200 118684
INFO 2026-05-20 21:27:55,490 django.server "GET /static/css/fa/webfonts/fa-solid-900.woff2 HTTP/1.1" 200 158220
INFO 2026-05-20 21:27:55,542 django.server "GET /static/imgs/logo.jpg HTTP/1.1" 200 8326
INFO 2026-05-20 21:28:02,612 django.server "GET /admin/ HTTP/1.1" 302 0
INFO 2026-05-20 21:28:02,909 django.server "GET /admin/login/?next=/admin/ HTTP/1.1" 200 11550
INFO 2026-05-20 21:28:02,970 django.server "GET /static/unfold/css/simplebar/simplebar.css HTTP/1.1" 200 4647
INFO 2026-05-20 21:28:02,978 django.server "GET /static/unfold/fonts/material-symbols/styles.css HTTP/1.1" 200 164
INFO 2026-05-20 21:28:02,986 django.server "GET /static/unfold/fonts/inter/styles.css HTTP/1.1" 200 608
INFO 2026-05-20 21:28:03,034 django.server "GET /static/unfold/css/styles.css HTTP/1.1" 200 307916
INFO 2026-05-20 21:28:03,042 django.server "GET /static/unfold/js/app.js HTTP/1.1" 200 29021
INFO 2026-05-20 21:28:03,070 django.server "GET /static/unfold/js/htmx/htmx.js HTTP/1.1" 200 50918
INFO 2026-05-20 21:28:03,126 django.server "GET /static/unfold/js/simplebar/simplebar.js HTTP/1.1" 200 27176
INFO 2026-05-20 21:28:03,195 django.server "GET /static/unfold/js/alpine/alpine.anchor.js HTTP/1.1" 200 15524
INFO 2026-05-20 21:28:03,216 django.server "GET /static/unfold/js/chart/chart.js HTTP/1.1" 200 200633
INFO 2026-05-20 21:28:03,239 django.server "GET /static/unfold/js/alpine/alpine.persist.js HTTP/1.1" 200 837
INFO 2026-05-20 21:28:03,294 django.server "GET /static/unfold/js/alpine/alpine.resize.js HTTP/1.1" 200 703
INFO 2026-05-20 21:28:03,336 django.server "GET /static/unfold/js/alpine/alpine.js HTTP/1.1" 200 44758
INFO 2026-05-20 21:28:03,340 django.server "GET /static/unfold/js/alpine/alpine.sort.js HTTP/1.1" 200 38101
INFO 2026-05-20 21:28:03,440 django.server "GET /static/unfold/fonts/inter/Inter-SemiBold.woff2 HTTP/1.1" 200 114812
INFO 2026-05-20 21:28:03,443 django.server "GET /static/unfold/fonts/inter/Inter-Medium.woff2 HTTP/1.1" 200 114348
INFO 2026-05-20 21:28:03,451 django.server "GET /static/unfold/fonts/inter/Inter-Regular.woff2 HTTP/1.1" 200 111268
INFO 2026-05-20 21:28:03,456 django.server "GET /static/unfold/fonts/material-symbols/Material-Symbols-Outlined.woff2 HTTP/1.1" 200 291696
WARNING 2026-05-20 21:28:03,564 django.request Not Found: /favicon.ico
WARNING 2026-05-20 21:28:03,565 django.server "GET /favicon.ico HTTP/1.1" 404 12045
INFO 2026-05-20 21:28:35,953 django.server "POST /admin/login/?next=/admin/ HTTP/1.1" 302 0
INFO 2026-05-20 21:28:36,170 django.server "GET /admin/ HTTP/1.1" 200 59766
INFO 2026-05-20 21:28:36,368 django.server "GET /static/unfold/fonts/inter/Inter-Bold.woff2 HTTP/1.1" 200 114840
INFO 2026-05-20 21:28:58,298 django.server "GET /admin/iwm/product/ HTTP/1.1" 200 95086
INFO 2026-05-20 21:28:58,435 django.server "GET /static/admin/js/jquery.init.js HTTP/1.1" 200 347
INFO 2026-05-20 21:28:58,453 django.server "GET /static/admin/js/actions.js HTTP/1.1" 200 7977
INFO 2026-05-20 21:28:58,463 django.server "GET /static/admin/js/admin/RelatedObjectLookups.js HTTP/1.1" 200 9241
INFO 2026-05-20 21:28:58,478 django.server "GET /static/admin/js/core.js HTTP/1.1" 200 6208
INFO 2026-05-20 21:28:58,504 django.server "GET /admin/jsi18n/ HTTP/1.1" 200 3342
INFO 2026-05-20 21:28:58,506 django.server "GET /static/admin/js/prepopulate.js HTTP/1.1" 200 1531
INFO 2026-05-20 21:28:58,517 django.server "GET /static/admin/js/urlify.js HTTP/1.1" 200 7887
INFO 2026-05-20 21:28:58,529 django.server "GET /media/product_images/Leonardo_Phoenix_10_Design_a_modern_logo_for_a_digital_chess_g_0_4Fg8rGw.jpg HTTP/1.1" 200 295574
INFO 2026-05-20 21:28:58,591 django.server "GET /media/product_images/5.png HTTP/1.1" 200 2393304
INFO 2026-05-20 21:28:58,595 django.server "GET /static/admin/js/vendor/jquery/jquery.js HTTP/1.1" 200 285314
INFO 2026-05-20 21:28:58,804 django.server "GET /static/admin/js/vendor/xregexp/xregexp.js HTTP/1.1" 200 325171
INFO 2026-05-20 21:29:04,700 django.server "GET /admin/iwm/product/add/ HTTP/1.1" 200 97498
INFO 2026-05-20 21:29:04,773 django.server "GET /admin/jsi18n/ HTTP/1.1" 200 3342
INFO 2026-05-20 21:29:04,791 django.server "GET /static/admin/js/prepopulate_init.js HTTP/1.1" 200 586
INFO 2026-05-20 21:29:04,801 django.server "GET /static/admin/js/SelectBox.js HTTP/1.1" 200 4530
INFO 2026-05-20 21:29:04,805 django.server "GET /static/admin/js/SelectFilter2.js HTTP/1.1" 200 15502
INFO 2026-05-20 21:29:04,823 django.server "GET /static/admin/js/inlines.js HTTP/1.1" 200 15526
INFO 2026-05-20 21:29:04,846 django.server "GET /static/admin/js/change_form.js HTTP/1.1" 200 606
INFO 2026-05-20 21:32:37,257 django.server "GET /admin/iwm/subcategory/add/?_to_field=id&_popup=1 HTTP/1.1" 200 21359
INFO 2026-05-20 21:32:37,299 django.server "GET /admin/jsi18n/ HTTP/1.1" 200 3342
INFO 2026-05-20 21:32:49,992 django.server "GET /admin/iwm/category/add/?_to_field=id&_popup=1 HTTP/1.1" 200 31154
INFO 2026-05-20 21:32:50,029 django.server "GET /admin/jsi18n/ HTTP/1.1" 200 3342
INFO 2026-05-20 21:33:30,216 django.server "POST /admin/iwm/category/add/?_to_field=id&_popup=1 HTTP/1.1" 200 327
INFO 2026-05-20 21:33:30,281 django.server "GET /static/admin/js/popup_response.js HTTP/1.1" 200 532
INFO 2026-05-20 21:34:12,770 django.server "POST /admin/iwm/subcategory/add/?_to_field=id&_popup=1 HTTP/1.1" 200 336
INFO 2026-05-20 21:34:40,844 django.server "GET /admin/iwm/color/add/?_to_field=id&_popup=1 HTTP/1.1" 200 15334
INFO 2026-05-20 21:34:40,884 django.server "GET /admin/jsi18n/ HTTP/1.1" 200 3342
INFO 2026-05-20 21:34:50,732 django.server "POST /admin/iwm/color/add/?_to_field=id&_popup=1 HTTP/1.1" 200 326
INFO 2026-05-20 21:35:25,987 django.server "GET /admin/iwm/brand/add/?_to_field=id&_popup=1 HTTP/1.1" 200 17732
INFO 2026-05-20 21:35:26,030 django.server "GET /admin/jsi18n/ HTTP/1.1" 200 3342
INFO 2026-05-20 21:35:42,792 django.server "POST /admin/iwm/brand/add/?_to_field=id&_popup=1 HTTP/1.1" 200 327
INFO 2026-05-20 21:36:36,839 django.server "POST /admin/iwm/product/add/ HTTP/1.1" 200 94315
WARNING 2026-05-20 21:36:36,931 django.request Not Found: /media/pdf.png
WARNING 2026-05-20 21:36:36,940 django.server "GET /media/pdf.png HTTP/1.1" 404 12279
INFO 2026-05-20 21:36:36,946 django.server "GET /admin/jsi18n/ HTTP/1.1" 200 3342
INFO 2026-05-20 21:37:28,203 django.server "GET /admin/iwm/tag/add/?_to_field=id&_popup=1 HTTP/1.1" 200 15314
INFO 2026-05-20 21:37:28,244 django.server "GET /admin/jsi18n/ HTTP/1.1" 200 3342
INFO 2026-05-20 21:37:35,962 django.server "POST /admin/iwm/tag/add/?_to_field=id&_popup=1 HTTP/1.1" 200 327
INFO 2026-05-20 21:37:49,467 django.server "POST /admin/iwm/product/add/ HTTP/1.1" 302 0
INFO 2026-05-20 21:37:49,645 django.server "GET /admin/iwm/product/ HTTP/1.1" 200 103545
INFO 2026-05-20 21:37:49,698 django.server "GET /media/product_images/pdf.png HTTP/1.1" 200 1312
INFO 2026-05-20 21:37:49,704 django.server "GET /admin/jsi18n/ HTTP/1.1" 200 3342
INFO 2026-05-20 21:38:26,909 django.server "GET /admin/iwm/product/5/change/ HTTP/1.1" 200 101341
INFO 2026-05-20 21:38:26,939 django.server "GET /media/product_images/pdf.png HTTP/1.1" 304 0
INFO 2026-05-20 21:38:26,945 django.server "GET /admin/jsi18n/ HTTP/1.1" 200 3342
INFO 2026-05-20 21:38:32,512 django.server "GET /admin/iwm/product/ HTTP/1.1" 200 103124
INFO 2026-05-20 21:38:36,439 django.server "GET /admin/iwm/product/ HTTP/1.1" 200 103124
INFO 2026-05-20 21:38:36,476 django.server "GET /media/product_images/pdf.png HTTP/1.1" 304 0
INFO 2026-05-20 21:38:36,484 django.server "GET /admin/jsi18n/ HTTP/1.1" 200 3342
INFO 2026-05-20 21:38:44,119 django.server "GET /admin/iwm/product/5/change/ HTTP/1.1" 200 101341
INFO 2026-05-20 21:38:44,182 django.server "GET /media/product_images/pdf.png HTTP/1.1" 304 0
INFO 2026-05-20 21:38:44,202 django.server "GET /admin/jsi18n/ HTTP/1.1" 200 3342
INFO 2026-05-20 21:39:01,588 django.server "GET /admin/iwm/product/ HTTP/1.1" 200 103124
INFO 2026-05-20 21:39:06,894 django.server "GET /admin/iwm/ HTTP/1.1" 200 52601
INFO 2026-05-20 21:39:15,686 django.server "GET /admin/ HTTP/1.1" 200 59766
INFO 2026-05-20 21:39:26,619 django.server "GET /admin/iwm/product/ HTTP/1.1" 200 103124
INFO 2026-05-20 21:39:26,658 django.server "GET /media/product_images/pdf.png HTTP/1.1" 304 0
INFO 2026-05-20 21:39:26,669 django.server "GET /admin/jsi18n/ HTTP/1.1" 200 3342
INFO 2026-05-20 21:39:32,232 django.server "GET /admin/iwm/product/5/change/ HTTP/1.1" 200 101341
INFO 2026-05-20 21:39:32,276 django.server "GET /admin/jsi18n/ HTTP/1.1" 200 3342
INFO 2026-05-20 21:39:38,458 django.server "GET /admin/iwm/product/ HTTP/1.1" 200 103124
INFO 2026-05-20 21:39:43,477 django.server "GET /admin/ HTTP/1.1" 200 59766
INFO 2026-05-20 21:40:52,560 django.server "GET /admin/auth/user/ HTTP/1.1" 200 114176
INFO 2026-05-20 21:40:52,600 django.server "GET /admin/jsi18n/ HTTP/1.1" 200 3342
INFO 2026-05-20 21:41:11,286 django.server "GET /admin/auth/user/4/change/ HTTP/1.1" 200 74524
INFO 2026-05-20 21:41:11,335 django.server "GET /admin/jsi18n/ HTTP/1.1" 200 3342
INFO 2026-05-20 21:41:11,387 django.server "GET /static/admin/js/calendar.js HTTP/1.1" 200 9141
INFO 2026-05-20 21:41:11,392 django.server "GET /static/admin/js/admin/DateTimeShortcuts.js HTTP/1.1" 200 19319
INFO 2026-05-20 21:41:23,377 django.server "GET /admin/auth/user/4/history/ HTTP/1.1" 200 34692
INFO 2026-05-20 21:41:27,301 django.server "GET /admin/auth/user/4/change/ HTTP/1.1" 200 74524
INFO 2026-05-20 21:41:30,105 django.server "GET /admin/auth/user/4/password/ HTTP/1.1" 200 37890
INFO 2026-05-20 21:41:57,261 django.server "POST /admin/auth/user/4/password/ HTTP/1.1" 200 38340
INFO 2026-05-20 21:42:06,531 django.server "POST /admin/auth/user/4/password/ HTTP/1.1" 200 38599
INFO 2026-05-20 21:42:39,137 django.server "POST /admin/auth/user/4/password/ HTTP/1.1" 302 0
INFO 2026-05-20 21:42:39,339 django.server "GET /admin/auth/user/4/change/ HTTP/1.1" 200 74875
INFO 2026-05-20 21:42:39,390 django.server "GET /admin/jsi18n/ HTTP/1.1" 200 3342
INFO 2026-05-20 21:43:09,629 django.server "POST /login/ HTTP/1.1" 302 0
ERROR 2026-05-20 21:43:10,103 django.request Internal Server Error: /home/
Traceback (most recent call last):
  File "C:\Users\MD Badhon Khan\AppData\Local\Programs\Python\Python313\Lib\site-packages\django\template\base.py", line 883, in _resolve_lookup
    current = current[bit]
              ~~~~~~~^^^^^
TypeError: 'ImageFieldFile' object is not subscriptable

During handling of the above exception, another exception occurred:

Traceback (most recent call last):
  File "C:\Users\MD Badhon Khan\AppData\Local\Programs\Python\Python313\Lib\site-packages\django\core\handlers\exception.py", line 55, in inner
    response = get_response(request)
  File "C:\Users\MD Badhon Khan\AppData\Local\Programs\Python\Python313\Lib\site-packages\django\core\handlers\base.py", line 197, in _get_response
    response = wrapped_callback(request, *callback_args, **callback_kwargs)
  File "C:\Users\MD Badhon Khan\Desktop\User-Items\iwantmore\iwm\views.py", line 104, in home
    return render(request, 'home.html', context)
  File "C:\Users\MD Badhon Khan\AppData\Local\Programs\Python\Python313\Lib\site-packages\django\shortcuts.py", line 25, in render
    content = loader.render_to_string(template_name, context, request, using=using)
  File "C:\Users\MD Badhon Khan\AppData\Local\Programs\Python\Python313\Lib\site-packages\django\template\loader.py", line 62, in render_to_string
    return template.render(context, request)
           ~~~~~~~~~~~~~~~^^^^^^^^^^^^^^^^^^
  File "C:\Users\MD Badhon Khan\AppData\Local\Programs\Python\Python313\Lib\site-packages\django\template\backends\django.py", line 107, in render
    return self.template.render(context)
           ~~~~~~~~~~~~~~~~~~~~^^^^^^^^^
  File "C:\Users\MD Badhon Khan\AppData\Local\Programs\Python\Python313\Lib\site-packages\django\template\base.py", line 171, in render
    return self._render(context)
           ~~~~~~~~~~~~^^^^^^^^^
  File "C:\Users\MD Badhon Khan\AppData\Local\Programs\Python\Python313\Lib\site-packages\django\template\base.py", line 163, in _render
    return self.nodelist.render(context)
           ~~~~~~~~~~~~~~~~~~~~^^^^^^^^^
  File "C:\Users\MD Badhon Khan\AppData\Local\Programs\Python\Python313\Lib\site-packages\django\template\base.py", line 1008, in render
    return SafeString("".join([node.render_annotated(context) for node in self]))
                               ~~~~~~~~~~~~~~~~~~~~~^^^^^^^^^
  File "C:\Users\MD Badhon Khan\AppData\Local\Programs\Python\Python313\Lib\site-packages\django\template\base.py", line 969, in render_annotated
    return self.render(context)
           ~~~~~~~~~~~^^^^^^^^^
  File "C:\Users\MD Badhon Khan\AppData\Local\Programs\Python\Python313\Lib\site-packages\django\template\loader_tags.py", line 159, in render
    return compiled_parent._render(context)
           ~~~~~~~~~~~~~~~~~~~~~~~^^^^^^^^^
  File "C:\Users\MD Badhon Khan\AppData\Local\Programs\Python\Python313\Lib\site-packages\django\template\base.py", line 163, in _render
    return self.nodelist.render(context)
           ~~~~~~~~~~~~~~~~~~~~^^^^^^^^^
  File "C:\Users\MD Badhon Khan\AppData\Local\Programs\Python\Python313\Lib\site-packages\django\template\base.py", line 1008, in render
    return SafeString("".join([node.render_annotated(context) for node in self]))
                               ~~~~~~~~~~~~~~~~~~~~~^^^^^^^^^
  File "C:\Users\MD Badhon Khan\AppData\Local\Programs\Python\Python313\Lib\site-packages\django\template\base.py", line 969, in render_annotated
    return self.render(context)
           ~~~~~~~~~~~^^^^^^^^^
  File "C:\Users\MD Badhon Khan\AppData\Local\Programs\Python\Python313\Lib\site-packages\django\template\loader_tags.py", line 65, in render
    result = block.nodelist.render(context)
  File "C:\Users\MD Badhon Khan\AppData\Local\Programs\Python\Python313\Lib\site-packages\django\template\base.py", line 1008, in render
    return SafeString("".join([node.render_annotated(context) for node in self]))
                               ~~~~~~~~~~~~~~~~~~~~~^^^^^^^^^
  File "C:\Users\MD Badhon Khan\AppData\Local\Programs\Python\Python313\Lib\site-packages\django\template\base.py", line 969, in render_annotated
    return self.render(context)
           ~~~~~~~~~~~^^^^^^^^^
  File "C:\Users\MD Badhon Khan\AppData\Local\Programs\Python\Python313\Lib\site-packages\django\template\defaulttags.py", line 243, in render
    nodelist.append(node.render_annotated(context))
                    ~~~~~~~~~~~~~~~~~~~~~^^^^^^^^^
  File "C:\Users\MD Badhon Khan\AppData\Local\Programs\Python\Python313\Lib\site-packages\django\template\base.py", line 969, in render_annotated
    return self.render(context)
           ~~~~~~~~~~~^^^^^^^^^
  File "C:\Users\MD Badhon Khan\AppData\Local\Programs\Python\Python313\Lib\site-packages\django\template\base.py", line 1067, in render
    output = self.filter_expression.resolve(context)
  File "C:\Users\MD Badhon Khan\AppData\Local\Programs\Python\Python313\Lib\site-packages\django\template\base.py", line 718, in resolve
    obj = self.var.resolve(context)
  File "C:\Users\MD Badhon Khan\AppData\Local\Programs\Python\Python313\Lib\site-packages\django\template\base.py", line 850, in resolve
    value = self._resolve_lookup(context)
  File "C:\Users\MD Badhon Khan\AppData\Local\Programs\Python\Python313\Lib\site-packages\django\template\base.py", line 893, in _resolve_lookup
    current = getattr(current, bit)
  File "C:\Users\MD Badhon Khan\AppData\Local\Programs\Python\Python313\Lib\site-packages\django\db\models\fields\files.py", line 69, in url
    self._require_file()
    ~~~~~~~~~~~~~~~~~~^^
  File "C:\Users\MD Badhon Khan\AppData\Local\Programs\Python\Python313\Lib\site-packages\django\db\models\fields\files.py", line 44, in _require_file
    raise ValueError(
        "The '%s' attribute has no file associated with it." % self.field.name
    )
ValueError: The 'image' attribute has no file associated with it.
ERROR 2026-05-20 21:43:10,132 django.server "GET /home/ HTTP/1.1" 500 212327
INFO 2026-05-20 21:44:10,577 django.server "GET /home/ HTTP/1.1" 200 20999
INFO 2026-05-20 21:44:10,756 django.server "GET /static/css/base.css HTTP/1.1" 304 0
INFO 2026-05-20 21:44:10,798 django.server "GET /media/profile_pics/pic.jpg HTTP/1.1" 200 871049
INFO 2026-05-20 21:44:11,037 django.server "GET /api/order-count/ HTTP/1.1" 200 13
ERROR 2026-05-20 21:44:43,211 django.request Internal Server Error: /home/
Traceback (most recent call last):
  File "C:\Users\MD Badhon Khan\AppData\Local\Programs\Python\Python313\Lib\site-packages\django\template\base.py", line 883, in _resolve_lookup
    current = current[bit]
              ~~~~~~~^^^^^
TypeError: 'ImageFieldFile' object is not subscriptable

During handling of the above exception, another exception occurred:

Traceback (most recent call last):
  File "C:\Users\MD Badhon Khan\AppData\Local\Programs\Python\Python313\Lib\site-packages\django\core\handlers\exception.py", line 55, in inner
    response = get_response(request)
  File "C:\Users\MD Badhon Khan\AppData\Local\Programs\Python\Python313\Lib\site-packages\django\core\handlers\base.py", line 197, in _get_response
    response = wrapped_callback(request, *callback_args, **callback_kwargs)
  File "C:\Users\MD Badhon Khan\Desktop\User-Items\iwantmore\iwm\views.py", line 104, in home
    return render(request, 'home.html', context)
  File "C:\Users\MD Badhon Khan\AppData\Local\Programs\Python\Python313\Lib\site-packages\django\shortcuts.py", line 25, in render
    content = loader.render_to_string(template_name, context, request, using=using)
  File "C:\Users\MD Badhon Khan\AppData\Local\Programs\Python\Python313\Lib\site-packages\django\template\loader.py", line 62, in render_to_string
    return template.render(context, request)
           ~~~~~~~~~~~~~~~^^^^^^^^^^^^^^^^^^
  File "C:\Users\MD Badhon Khan\AppData\Local\Programs\Python\Python313\Lib\site-packages\django\template\backends\django.py", line 107, in render
    return self.template.render(context)
           ~~~~~~~~~~~~~~~~~~~~^^^^^^^^^
  File "C:\Users\MD Badhon Khan\AppData\Local\Programs\Python\Python313\Lib\site-packages\django\template\base.py", line 171, in render
    return self._render(context)
           ~~~~~~~~~~~~^^^^^^^^^
  File "C:\Users\MD Badhon Khan\AppData\Local\Programs\Python\Python313\Lib\site-packages\django\template\base.py", line 163, in _render
    return self.nodelist.render(context)
           ~~~~~~~~~~~~~~~~~~~~^^^^^^^^^
  File "C:\Users\MD Badhon Khan\AppData\Local\Programs\Python\Python313\Lib\site-packages\django\template\base.py", line 1008, in render
    return SafeString("".join([node.render_annotated(context) for node in self]))
                               ~~~~~~~~~~~~~~~~~~~~~^^^^^^^^^
  File "C:\Users\MD Badhon Khan\AppData\Local\Programs\Python\Python313\Lib\site-packages\django\template\base.py", line 969, in render_annotated
    return self.render(context)
           ~~~~~~~~~~~^^^^^^^^^
  File "C:\Users\MD Badhon Khan\AppData\Local\Programs\Python\Python313\Lib\site-packages\django\template\loader_tags.py", line 159, in render
    return compiled_parent._render(context)
           ~~~~~~~~~~~~~~~~~~~~~~~^^^^^^^^^
  File "C:\Users\MD Badhon Khan\AppData\Local\Programs\Python\Python313\Lib\site-packages\django\template\base.py", line 163, in _render
    return self.nodelist.render(context)
           ~~~~~~~~~~~~~~~~~~~~^^^^^^^^^
  File "C:\Users\MD Badhon Khan\AppData\Local\Programs\Python\Python313\Lib\site-packages\django\template\base.py", line 1008, in render
    return SafeString("".join([node.render_annotated(context) for node in self]))
                               ~~~~~~~~~~~~~~~~~~~~~^^^^^^^^^
  File "C:\Users\MD Badhon Khan\AppData\Local\Programs\Python\Python313\Lib\site-packages\django\template\base.py", line 969, in render_annotated
    return self.render(context)
           ~~~~~~~~~~~^^^^^^^^^
  File "C:\Users\MD Badhon Khan\AppData\Local\Programs\Python\Python313\Lib\site-packages\django\template\loader_tags.py", line 65, in render
    result = block.nodelist.render(context)
  File "C:\Users\MD Badhon Khan\AppData\Local\Programs\Python\Python313\Lib\site-packages\django\template\base.py", line 1008, in render
    return SafeString("".join([node.render_annotated(context) for node in self]))
                               ~~~~~~~~~~~~~~~~~~~~~^^^^^^^^^
  File "C:\Users\MD Badhon Khan\AppData\Local\Programs\Python\Python313\Lib\site-packages\django\template\base.py", line 969, in render_annotated
    return self.render(context)
           ~~~~~~~~~~~^^^^^^^^^
  File "C:\Users\MD Badhon Khan\AppData\Local\Programs\Python\Python313\Lib\site-packages\django\template\defaulttags.py", line 243, in render
    nodelist.append(node.render_annotated(context))
                    ~~~~~~~~~~~~~~~~~~~~~^^^^^^^^^
  File "C:\Users\MD Badhon Khan\AppData\Local\Programs\Python\Python313\Lib\site-packages\django\template\base.py", line 969, in render_annotated
    return self.render(context)
           ~~~~~~~~~~~^^^^^^^^^
  File "C:\Users\MD Badhon Khan\AppData\Local\Programs\Python\Python313\Lib\site-packages\django\template\base.py", line 1067, in render
    output = self.filter_expression.resolve(context)
  File "C:\Users\MD Badhon Khan\AppData\Local\Programs\Python\Python313\Lib\site-packages\django\template\base.py", line 718, in resolve
    obj = self.var.resolve(context)
  File "C:\Users\MD Badhon Khan\AppData\Local\Programs\Python\Python313\Lib\site-packages\django\template\base.py", line 850, in resolve
    value = self._resolve_lookup(context)
  File "C:\Users\MD Badhon Khan\AppData\Local\Programs\Python\Python313\Lib\site-packages\django\template\base.py", line 893, in _resolve_lookup
    current = getattr(current, bit)
  File "C:\Users\MD Badhon Khan\AppData\Local\Programs\Python\Python313\Lib\site-packages\django\db\models\fields\files.py", line 69, in url
    self._require_file()
    ~~~~~~~~~~~~~~~~~~^^
  File "C:\Users\MD Badhon Khan\AppData\Local\Programs\Python\Python313\Lib\site-packages\django\db\models\fields\files.py", line 44, in _require_file
    raise ValueError(
        "The '%s' attribute has no file associated with it." % self.field.name
    )
ValueError: The 'image' attribute has no file associated with it.
ERROR 2026-05-20 21:44:43,228 django.server "GET /home/ HTTP/1.1" 500 212327
INFO 2026-05-20 21:44:58,821 django.server "GET /admin/search/?s=ca HTTP/1.1" 200 2268
INFO 2026-05-20 21:45:00,262 django.server "GET /admin/search/?s=cat HTTP/1.1" 200 2268
INFO 2026-05-20 21:45:02,985 django.server "GET /admin/iwm/category/ HTTP/1.1" 200 53923
INFO 2026-05-20 21:45:03,030 django.server "GET /admin/jsi18n/ HTTP/1.1" 200 3342
INFO 2026-05-20 21:45:05,508 django.server "GET /admin/iwm/category/3/change/ HTTP/1.1" 200 64385
INFO 2026-05-20 21:45:05,545 django.server "GET /admin/jsi18n/ HTTP/1.1" 200 3342
INFO 2026-05-20 21:45:24,946 django.server "POST /admin/iwm/category/3/change/ HTTP/1.1" 302 0
INFO 2026-05-20 21:45:25,094 django.server "GET /admin/iwm/category/ HTTP/1.1" 200 54340
INFO 2026-05-20 21:45:25,173 django.server "GET /admin/jsi18n/ HTTP/1.1" 200 3342
INFO 2026-05-20 21:45:56,411 django.server "GET /home/ HTTP/1.1" 200 21193
INFO 2026-05-20 21:45:56,557 django.server "GET /media/category_images/pdf.png HTTP/1.1" 200 1312
INFO 2026-05-20 21:45:56,770 django.server "GET /api/order-count/ HTTP/1.1" 200 13
INFO 2026-05-20 21:46:16,077 django.server "GET /shop/ HTTP/1.1" 200 32383
INFO 2026-05-20 21:46:16,164 django.server "GET /static/css/shop.css HTTP/1.1" 304 0
INFO 2026-05-20 21:46:16,178 django.server "GET /media/product_images/pdf.png HTTP/1.1" 200 1312
INFO 2026-05-20 21:46:16,385 django.server "GET /api/order-count/ HTTP/1.1" 200 13
INFO 2026-05-20 21:46:36,780 django.server "GET /product/texting-product/ HTTP/1.1" 200 13212
INFO 2026-05-20 21:46:36,871 django.server "GET /static/css/product.css HTTP/1.1" 304 0
INFO 2026-05-20 21:46:36,881 django.server "GET /static/js/product.js HTTP/1.1" 304 0
INFO 2026-05-20 21:46:36,921 django.server "GET /api/order-count/ HTTP/1.1" 200 13
ERROR 2026-05-21 14:32:37,414 django.request Internal Server Error: /product/prod/
Traceback (most recent call last):
  File "C:\Users\MD Badhon Khan\AppData\Local\Programs\Python\Python313\Lib\site-packages\django\template\base.py", line 883, in _resolve_lookup
    current = current[bit]
              ~~~~~~~^^^^^
TypeError: 'ImageFieldFile' object is not subscriptable

During handling of the above exception, another exception occurred:

Traceback (most recent call last):
  File "C:\Users\MD Badhon Khan\AppData\Local\Programs\Python\Python313\Lib\site-packages\django\core\handlers\exception.py", line 55, in inner
    response = get_response(request)
  File "C:\Users\MD Badhon Khan\AppData\Local\Programs\Python\Python313\Lib\site-packages\django\core\handlers\base.py", line 197, in _get_response
    response = wrapped_callback(request, *callback_args, **callback_kwargs)
  File "C:\Users\MD Badhon Khan\Desktop\User-Items\iwantmore\iwm\views.py", line 213, in product_detail
    return render(request, 'product.html', context)
  File "C:\Users\MD Badhon Khan\AppData\Local\Programs\Python\Python313\Lib\site-packages\django\shortcuts.py", line 25, in render
    content = loader.render_to_string(template_name, context, request, using=using)
  File "C:\Users\MD Badhon Khan\AppData\Local\Programs\Python\Python313\Lib\site-packages\django\template\loader.py", line 62, in render_to_string
    return template.render(context, request)
           ~~~~~~~~~~~~~~~^^^^^^^^^^^^^^^^^^
  File "C:\Users\MD Badhon Khan\AppData\Local\Programs\Python\Python313\Lib\site-packages\django\template\backends\django.py", line 107, in render
    return self.template.render(context)
           ~~~~~~~~~~~~~~~~~~~~^^^^^^^^^
  File "C:\Users\MD Badhon Khan\AppData\Local\Programs\Python\Python313\Lib\site-packages\django\template\base.py", line 171, in render
    return self._render(context)
           ~~~~~~~~~~~~^^^^^^^^^
  File "C:\Users\MD Badhon Khan\AppData\Local\Programs\Python\Python313\Lib\site-packages\django\test\utils.py", line 114, in instrumented_test_render
    return self.nodelist.render(context)
           ~~~~~~~~~~~~~~~~~~~~^^^^^^^^^
  File "C:\Users\MD Badhon Khan\AppData\Local\Programs\Python\Python313\Lib\site-packages\django\template\base.py", line 1008, in render
    return SafeString("".join([node.render_annotated(context) for node in self]))
                               ~~~~~~~~~~~~~~~~~~~~~^^^^^^^^^
  File "C:\Users\MD Badhon Khan\AppData\Local\Programs\Python\Python313\Lib\site-packages\django\template\base.py", line 969, in render_annotated
    return self.render(context)
           ~~~~~~~~~~~^^^^^^^^^
  File "C:\Users\MD Badhon Khan\AppData\Local\Programs\Python\Python313\Lib\site-packages\django\template\loader_tags.py", line 159, in render
    return compiled_parent._render(context)
           ~~~~~~~~~~~~~~~~~~~~~~~^^^^^^^^^
  File "C:\Users\MD Badhon Khan\AppData\Local\Programs\Python\Python313\Lib\site-packages\django\test\utils.py", line 114, in instrumented_test_render
    return self.nodelist.render(context)
           ~~~~~~~~~~~~~~~~~~~~^^^^^^^^^
  File "C:\Users\MD Badhon Khan\AppData\Local\Programs\Python\Python313\Lib\site-packages\django\template\base.py", line 1008, in render
    return SafeString("".join([node.render_annotated(context) for node in self]))
                               ~~~~~~~~~~~~~~~~~~~~~^^^^^^^^^
  File "C:\Users\MD Badhon Khan\AppData\Local\Programs\Python\Python313\Lib\site-packages\django\template\base.py", line 969, in render_annotated
    return self.render(context)
           ~~~~~~~~~~~^^^^^^^^^
  File "C:\Users\MD Badhon Khan\AppData\Local\Programs\Python\Python313\Lib\site-packages\django\template\loader_tags.py", line 65, in render
    result = block.nodelist.render(context)
  File "C:\Users\MD Badhon Khan\AppData\Local\Programs\Python\Python313\Lib\site-packages\django\template\base.py", line 1008, in render
    return SafeString("".join([node.render_annotated(context) for node in self]))
                               ~~~~~~~~~~~~~~~~~~~~~^^^^^^^^^
  File "C:\Users\MD Badhon Khan\AppData\Local\Programs\Python\Python313\Lib\site-packages\django\template\base.py", line 969, in render_annotated
    return self.render(context)
           ~~~~~~~~~~~^^^^^^^^^
  File "C:\Users\MD Badhon Khan\AppData\Local\Programs\Python\Python313\Lib\site-packages\django\template\base.py", line 1067, in render
    output = self.filter_expression.resolve(context)
  File "C:\Users\MD Badhon Khan\AppData\Local\Programs\Python\Python313\Lib\site-packages\django\template\base.py", line 718, in resolve
    obj = self.var.resolve(context)
  File "C:\Users\MD Badhon Khan\AppData\Local\Programs\Python\Python313\Lib\site-packages\django\template\base.py", line 850, in resolve
    value = self._resolve_lookup(context)
  File "C:\Users\MD Badhon Khan\AppData\Local\Programs\Python\Python313\Lib\site-packages\django\template\base.py", line 893, in _resolve_lookup
    current = getattr(current, bit)
  File "C:\Users\MD Badhon Khan\AppData\Local\Programs\Python\Python313\Lib\site-packages\django\db\models\fields\files.py", line 69, in url
    self._require_file()
    ~~~~~~~~~~~~~~~~~~^^
  File "C:\Users\MD Badhon Khan\AppData\Local\Programs\Python\Python313\Lib\site-packages\django\db\models\fields\files.py", line 44, in _require_file
    raise ValueError(
        "The '%s' attribute has no file associated with it." % self.field.name
    )
ValueError: The 'image' attribute has no file associated with it.
INFO 2026-05-21 15:30:02,705 django.utils.autoreload Watching for file changes with StatReloader
INFO 2026-05-21 15:30:49,840 django.utils.autoreload Watching for file changes with StatReloader
INFO 2026-05-21 15:31:17,546 django.server "GET / HTTP/1.1" 302 0
INFO 2026-05-21 15:31:17,958 django.server "GET /home/ HTTP/1.1" 200 21193
INFO 2026-05-21 15:31:18,089 django.server "GET /static/css/base.css HTTP/1.1" 304 0
INFO 2026-05-21 15:31:18,143 django.server "GET /media/category_images/pdf.png HTTP/1.1" 304 0
INFO 2026-05-21 15:31:18,598 django.server "GET /api/order-count/ HTTP/1.1" 200 13
INFO 2026-05-21 15:31:24,631 django.server "GET /shop/ HTTP/1.1" 200 32383
INFO 2026-05-21 15:31:24,794 django.server "GET /static/css/shop.css HTTP/1.1" 304 0
INFO 2026-05-21 15:31:24,806 django.server "GET /media/product_images/pdf.png HTTP/1.1" 304 0
INFO 2026-05-21 15:31:25,023 django.server "GET /api/order-count/ HTTP/1.1" 200 13
INFO 2026-05-21 15:31:30,341 django.server "GET /contact/ HTTP/1.1" 200 13063
INFO 2026-05-21 15:31:30,615 django.server "GET /api/order-count/ HTTP/1.1" 200 13
INFO 2026-05-21 15:31:47,828 django.server "GET /faq/ HTTP/1.1" 200 30391
INFO 2026-05-21 15:31:47,981 django.server "GET /api/order-count/ HTTP/1.1" 200 13
INFO 2026-05-21 15:32:02,935 django.server "GET /home/ HTTP/1.1" 200 21193
INFO 2026-05-21 15:32:03,202 django.server "GET /api/order-count/ HTTP/1.1" 200 13
INFO 2026-05-21 15:32:09,060 django.server "GET /shop/ HTTP/1.1" 200 32383
INFO 2026-05-21 15:32:09,237 django.server "GET /api/order-count/ HTTP/1.1" 200 13
INFO 2026-05-21 15:32:17,614 django.server "GET /search/?category=testing HTTP/1.1" 200 23157
INFO 2026-05-21 15:32:20,012 django.server "GET /search/?category=testing1 HTTP/1.1" 200 23157
INFO 2026-05-21 15:32:29,918 django.server "GET /search/?category=testing1&color=purple HTTP/1.1" 200 23157
INFO 2026-05-21 15:32:31,376 django.server "GET /search/?category=testing1&color=red HTTP/1.1" 200 21124
INFO 2026-05-21 15:32:33,224 django.server "GET /search/?category=testing1&color=purple HTTP/1.1" 200 23157
INFO 2026-05-21 15:32:34,498 django.server "GET /search/?category=testing1&color=green HTTP/1.1" 200 21124
INFO 2026-05-21 15:32:36,356 django.server "GET /search/?category=testing1&color=brown HTTP/1.1" 200 21124
INFO 2026-05-21 15:32:38,075 django.server "GET /search/?category=testing1&color=blue HTTP/1.1" 200 21124
INFO 2026-05-21 15:32:42,092 django.server "GET /search/?category=testing1&color=blue&brand=chess HTTP/1.1" 200 21124
INFO 2026-05-21 15:32:44,996 django.server "GET /search/?category=testing1&color=blue&brand=chess&stock=in-stock HTTP/1.1" 200 21124
INFO 2026-05-21 15:32:50,151 django.server "GET /search/ HTTP/1.1" 200 32383
INFO 2026-05-21 15:32:50,326 django.server "GET /api/order-count/ HTTP/1.1" 200 13
INFO 2026-05-21 15:32:59,172 django.server "POST /subscribe-newsletter/ HTTP/1.1" 302 0
INFO 2026-05-21 15:32:59,233 django.server "GET /search/ HTTP/1.1" 200 32698
INFO 2026-05-21 15:32:59,346 django.server "GET /api/order-count/ HTTP/1.1" 200 13
INFO 2026-05-21 15:33:03,914 django.server "GET /faq/ HTTP/1.1" 200 30391
INFO 2026-05-21 15:33:04,065 django.server "GET /api/order-count/ HTTP/1.1" 200 13
INFO 2026-05-21 15:33:08,689 django.server "GET /shop/ HTTP/1.1" 200 32383
INFO 2026-05-21 15:33:08,779 django.server "GET /api/order-count/ HTTP/1.1" 200 13
INFO 2026-05-21 15:33:09,800 django.server "GET /home/ HTTP/1.1" 200 21193
INFO 2026-05-21 15:33:09,989 django.server "GET /api/order-count/ HTTP/1.1" 200 13
INFO 2026-05-21 15:33:16,824 django.server "GET /shop/ HTTP/1.1" 200 32383
INFO 2026-05-21 15:33:16,983 django.server "GET /api/order-count/ HTTP/1.1" 200 13
INFO 2026-05-21 15:33:33,119 django.server "GET /cart/ HTTP/1.1" 200 14802
INFO 2026-05-21 15:33:33,324 django.server "GET /api/order-count/ HTTP/1.1" 200 13
INFO 2026-05-21 15:33:35,254 django.server "GET /my-orders/ HTTP/1.1" 200 42653
INFO 2026-05-21 15:33:35,400 django.server "GET /api/order-count/ HTTP/1.1" 200 13
INFO 2026-05-21 15:33:43,093 django.server "GET /order-confirmation/?order_id=47 HTTP/1.1" 200 10496
INFO 2026-05-21 15:33:43,202 django.server "GET /static/css/order_confirmation.css HTTP/1.1" 200 4756
INFO 2026-05-21 15:33:43,282 django.server "GET /api/order-count/ HTTP/1.1" 200 13
INFO 2026-05-21 15:33:57,638 django.server "GET /home/ HTTP/1.1" 200 21193
INFO 2026-05-21 15:33:57,814 django.server "GET /api/order-count/ HTTP/1.1" 200 13
INFO 2026-05-21 15:33:59,753 django.server "GET /faq/ HTTP/1.1" 200 30391
INFO 2026-05-21 15:33:59,843 django.server "GET /api/order-count/ HTTP/1.1" 200 13
INFO 2026-05-21 15:34:06,009 django.server "GET /my-orders/ HTTP/1.1" 200 42653
INFO 2026-05-21 15:34:06,091 django.server "GET /api/order-count/ HTTP/1.1" 200 13
INFO 2026-05-21 15:34:15,153 django.server "GET /logout HTTP/1.1" 301 0
INFO 2026-05-21 15:34:15,211 django.server "GET /logout/ HTTP/1.1" 302 0
INFO 2026-05-21 15:34:15,258 django.server "GET /home/ HTTP/1.1" 200 20958
INFO 2026-05-21 15:34:23,276 django.server "GET /login/ HTTP/1.1" 200 2987
INFO 2026-05-21 15:34:24,591 django.server "GET /home/ HTTP/1.1" 200 20958
INFO 2026-05-21 15:34:28,502 django.server "GET /autocomplete/?q=jkdlfijvhdlfvjdlfkjvhsfduvsdfv HTTP/1.1" 200 2
INFO 2026-05-21 15:34:32,208 django.server "GET /shop/ HTTP/1.1" 200 32148
INFO 2026-05-21 15:34:39,796 django.server "GET /wishlist/ HTTP/1.1" 200 11970
INFO 2026-05-21 15:34:39,897 django.server "GET /static/css/wishlist.css HTTP/1.1" 200 3670
INFO 2026-05-21 15:34:45,877 django.server "GET /product/texting-product/ HTTP/1.1" 200 11613
INFO 2026-05-21 15:34:56,262 django.server "GET /cart/ HTTP/1.1" 200 14567
INFO 2026-05-21 15:35:01,504 django.server "GET /my-orders/ HTTP/1.1" 200 8672
